# JRE version: Java(TM) SE Runtime Environment (8.0_91-b15) (build 1.8.0_91-b15)
# Java VM: Java HotSpot(TM) Client VM (25.91-b15 mixed mode windows-x86 )
Heap:
 def new generation   total 59776K, used 29990K [0x04a00000, 0x08ad0000, 0x19f50000)
  eden space 53184K,  51% used [0x04a00000, 0x064b23e8, 0x07df0000)
  from space 6592K,  40% used [0x07df0000, 0x08087668, 0x08460000)
  to   space 6592K,   0% used [0x08460000, 0x08460000, 0x08ad0000)
 tenured generation   total 132560K, used 42808K [0x19f50000, 0x220c4000, 0x44a00000)
   the space 132560K,  32% used [0x19f50000, 0x1c91e178, 0x1c91e200, 0x220c4000)
 Metaspace       used 38275K, capacity 39664K, committed 40576K, reserved 41344K
GC Heap History (10 events):
Event: 6722.940 GC heap after
Heap after GC invocations=267 (full 16):
 def new generation   total 59776K, used 521K [0x04a00000, 0x08ad0000, 0x19f50000)
  eden space 53184K,   0% used [0x04a00000, 0x04a00000, 0x07df0000)
  from space 6592K,   7% used [0x08460000, 0x084e2720, 0x08ad0000)
  to   space 6592K,   0% used [0x07df0000, 0x07df0000, 0x08460000)
 tenured generation   total 132560K, used 65748K [0x19f50000, 0x220c4000, 0x44a00000)
   the space 132560K,  49% used [0x19f50000, 0x1df853a0, 0x1df85400, 0x220c4000)
 Metaspace       used 38500K, capacity 39906K, committed 40576K, reserved 41344K
}
Event: 6722.974 GC heap before
{Heap before GC invocations=267 (full 16):
 def new generation   total 59776K, used 52946K [0x04a00000, 0x08ad0000, 0x19f50000)
  eden space 53184K,  98% used [0x04a00000, 0x07d320e8, 0x07df0000)
  from space 6592K,   7% used [0x08460000, 0x084e2720, 0x08ad0000)
  to   space 6592K,   0% used [0x07df0000, 0x07df0000, 0x08460000)
 tenured generation   total 132560K, used 65748K [0x19f50000, 0x220c4000, 0x44a00000)
   the space 132560K,  49% used [0x19f50000, 0x1df853a0, 0x1df85400, 0x220c4000)
 Metaspace       used 38500K, capacity 39906K, committed 40576K, reserved 41344K
Event: 6722.983 GC heap after
Heap after GC invocations=268 (full 16):
 def new generation   total 59776K, used 490K [0x04a00000, 0x08ad0000, 0x19f50000)
  eden space 53184K,   0% used [0x04a00000, 0x04a00000, 0x07df0000)
  from space 6592K,   7% used [0x07df0000, 0x07e6aa30, 0x08460000)
  to   space 6592K,   0% used [0x08460000, 0x08460000, 0x08ad0000)
 tenured generation   total 132560K, used 65748K [0x19f50000, 0x220c4000, 0x44a00000)
   the space 132560K,  49% used [0x19f50000, 0x1df853a0, 0x1df85400, 0x220c4000)
 Metaspace       used 38500K, capacity 39906K, committed 40576K, reserved 41344K
}
Event: 6725.715 GC heap before
{Heap before GC invocations=268 (full 16):
 def new generation   total 59776K, used 46249K [0x04a00000, 0x08ad0000, 0x19f50000)
  eden space 53184K,  86% used [0x04a00000, 0x076afd78, 0x07df0000)
  from space 6592K,   7% used [0x07df0000, 0x07e6aa30, 0x08460000)
  to   space 6592K,   0% used [0x08460000, 0x08460000, 0x08ad0000)
 tenured generation   total 132560K, used 65748K [0x19f50000, 0x220c4000, 0x44a00000)
   the space 132560K,  49% used [0x19f50000, 0x1df853a0, 0x1df85400, 0x220c4000)
 Metaspace       used 38508K, capacity 39916K, committed 40576K, reserved 41344K
Event: 6726.071 GC heap after
Heap after GC invocations=269 (full 17):
 def new generation   total 59776K, used 0K [0x04a00000, 0x08ad0000, 0x19f50000)
  eden space 53184K,   0% used [0x04a00000, 0x04a00000, 0x07df0000)
  from space 6592K,   0% used [0x07df0000, 0x07df0000, 0x08460000)
  to   space 6592K,   0% used [0x08460000, 0x08460000, 0x08ad0000)
 tenured generation   total 132560K, used 42808K [0x19f50000, 0x220c4000, 0x44a00000)
   the space 132560K,  32% used [0x19f50000, 0x1c91e178, 0x1c91e200, 0x220c4000)
 Metaspace       used 38198K, capacity 39549K, committed 40576K, reserved 41344K
}
Event: 11989.607 GC heap before
{Heap before GC invocations=269 (full 17):
 def new generation   total 59776K, used 53184K [0x04a00000, 0x08ad0000, 0x19f50000)
  eden space 53184K, 100% used [0x04a00000, 0x07df0000, 0x07df0000)
  from space 6592K,   0% used [0x07df0000, 0x07df0000, 0x08460000)
  to   space 6592K,   0% used [0x08460000, 0x08460000, 0x08ad0000)
 tenured generation   total 132560K, used 42808K [0x19f50000, 0x220c4000, 0x44a00000)
   the space 132560K,  32% used [0x19f50000, 0x1c91e178, 0x1c91e200, 0x220c4000)
 Metaspace       used 38272K, capacity 39659K, committed 40576K, reserved 41344K
Event: 11989.642 GC heap after
Heap after GC invocations=270 (full 17):
 def new generation   total 59776K, used 2564K [0x04a00000, 0x08ad0000, 0x19f50000)
  eden space 53184K,   0% used [0x04a00000, 0x04a00000, 0x07df0000)
  from space 6592K,  38% used [0x08460000, 0x086e1120, 0x08ad0000)
  to   space 6592K,   0% used [0x07df0000, 0x07df0000, 0x08460000)
 tenured generation   total 132560K, used 42808K [0x19f50000, 0x220c4000, 0x44a00000)
   the space 132560K,  32% used [0x19f50000, 0x1c91e178, 0x1c91e200, 0x220c4000)
 Metaspace       used 38272K, capacity 39659K, committed 40576K, reserved 41344K
}
Event: 11991.204 GC heap before
{Heap before GC invocations=270 (full 17):
 def new generation   total 59776K, used 55748K [0x04a00000, 0x08ad0000, 0x19f50000)
  eden space 53184K, 100% used [0x04a00000, 0x07df0000, 0x07df0000)
  from space 6592K,  38% used [0x08460000, 0x086e1120, 0x08ad0000)
  to   space 6592K,   0% used [0x07df0000, 0x07df0000, 0x08460000)
 tenured generation   total 132560K, used 42808K [0x19f50000, 0x220c4000, 0x44a00000)
   the space 132560K,  32% used [0x19f50000, 0x1c91e178, 0x1c91e200, 0x220c4000)
 Metaspace       used 38272K, capacity 39659K, committed 40576K, reserved 41344K
Event: 11991.235 GC heap after
Heap after GC invocations=271 (full 17):
 def new generation   total 59776K, used 2653K [0x04a00000, 0x08ad0000, 0x19f50000)
  eden space 53184K,   0% used [0x04a00000, 0x04a00000, 0x07df0000)
  from space 6592K,  40% used [0x07df0000, 0x08087668, 0x08460000)
  to   space 6592K,   0% used [0x08460000, 0x08460000, 0x08ad0000)
 tenured generation   total 132560K, used 42808K [0x19f50000, 0x220c4000, 0x44a00000)
   the space 132560K,  32% used [0x19f50000, 0x1c91e178, 0x1c91e200, 0x220c4000)
 Metaspace       used 38272K, capacity 39659K, committed 40576K, reserved 41344K
}
Event: 12013.639 GC heap before
{Heap before GC invocations=271 (full 17):
 def new generation   total 59776K, used 29990K [0x04a00000, 0x08ad0000, 0x19f50000)
  eden space 53184K,  51% used [0x04a00000, 0x064b23e8, 0x07df0000)
  from space 6592K,  40% used [0x07df0000, 0x08087668, 0x08460000)
  to   space 6592K,   0% used [0x08460000, 0x08460000, 0x08ad0000)
 tenured generation   total 132560K, used 42808K [0x19f50000, 0x220c4000, 0x44a00000)
   the space 132560K,  32% used [0x19f50000, 0x1c91e178, 0x1c91e200, 0x220c4000)
 Metaspace       used 38275K, capacity 39664K, committed 40576K, reserved 41344K

